<!DOCTYPE html>
<html>
<head>
<meta http-equiv="Content-Type" content="text/html; charset=utf-8"/>
<meta http-equiv="x-ua-compatible" content="IE=edge"/>
<title>Test results - addGoodsItem</title>
<link href="../css/base-style.css" rel="stylesheet" type="text/css"/>
<link href="../css/style.css" rel="stylesheet" type="text/css"/>
<script src="../js/report.js" type="text/javascript"></script>
</head>
<body>
<div id="content">
<h1>addGoodsItem</h1>
<div class="breadcrumbs">
<a href="../index.html">all</a> &gt; 
<a href="../packages/com.studyPlan.weekOne.html">com.studyPlan.weekOne</a> &gt; GoodsListTest$addGoodsItem</div>
<div id="summary">
<table>
<tr>
<td>
<div class="summaryGroup">
<table>
<tr>
<td>
<div class="infoBox" id="tests">
<div class="counter">5</div>
<p>tests</p>
</div>
</td>
<td>
<div class="infoBox" id="failures">
<div class="counter">0</div>
<p>failures</p>
</div>
</td>
<td>
<div class="infoBox" id="ignored">
<div class="counter">0</div>
<p>ignored</p>
</div>
</td>
<td>
<div class="infoBox" id="duration">
<div class="counter">0.390s</div>
<p>duration</p>
</div>
</td>
</tr>
</table>
</div>
</td>
<td>
<div class="infoBox success" id="successRate">
<div class="percent">100%</div>
<p>successful</p>
</div>
</td>
</tr>
</table>
</div>
<div id="tabs">
<ul class="tabLinks">
<li>
<a href="#tab0">Tests</a>
</li>
<li>
<a href="#tab1">Standard output</a>
</li>
</ul>
<div id="tab0" class="tab">
<h2>Tests</h2>
<table>
<thead>
<tr>
<th>Test</th>
<th>Duration</th>
<th>Result</th>
</tr>
</thead>
<tr>
<td class="success">should_error_when_new_goods_item_lack_name()</td>
<td class="success">0.006s</td>
<td class="success">passed</td>
</tr>
<tr>
<td class="success">should_error_when_new_goods_item_lack_shop_name()</td>
<td class="success">0.018s</td>
<td class="success">passed</td>
</tr>
<tr>
<td class="success">should_error_when_new_goods_item_lack_unit_price()</td>
<td class="success">0.325s</td>
<td class="success">passed</td>
</tr>
<tr>
<td class="success">should_error_when_new_goods_item_unit_price_too_high()</td>
<td class="success">0.010s</td>
<td class="success">passed</td>
</tr>
<tr>
<td class="success">should_success_when_new_goods_item_info_valid()</td>
<td class="success">0.031s</td>
<td class="success">passed</td>
</tr>
</table>
</div>
<div id="tab1" class="tab">
<h2>Standard output</h2>
<span class="code">
<pre>15:40:37.440 [Test worker] DEBUG org.springframework.test.context.BootstrapUtils - Instantiating CacheAwareContextLoaderDelegate from class [org.springframework.test.context.cache.DefaultCacheAwareContextLoaderDelegate]
15:40:37.440 [Test worker] DEBUG org.springframework.test.context.BootstrapUtils - Instantiating BootstrapContext using constructor [public org.springframework.test.context.support.DefaultBootstrapContext(java.lang.Class,org.springframework.test.context.CacheAwareContextLoaderDelegate)]
15:40:37.440 [Test worker] DEBUG org.springframework.test.context.BootstrapUtils - Instantiating TestContextBootstrapper for test class [com.studyPlan.weekOne.GoodsListTest$addGoodsItem] from class [org.springframework.test.context.support.DefaultTestContextBootstrapper]
15:40:37.443 [Test worker] INFO org.springframework.test.context.support.DefaultTestContextBootstrapper - Neither @ContextConfiguration nor @ContextHierarchy found for test class [com.studyPlan.weekOne.GoodsListTest$addGoodsItem], using DelegatingSmartContextLoader
15:40:37.443 [Test worker] DEBUG org.springframework.test.context.support.AbstractDelegatingSmartContextLoader - Delegating to GenericXmlContextLoader to process context configuration [ContextConfigurationAttributes@5a82deae declaringClass = 'com.studyPlan.weekOne.GoodsListTest$addGoodsItem', classes = '{}', locations = '{}', inheritLocations = false, initializers = '{}', inheritInitializers = true, name = [null], contextLoaderClass = 'org.springframework.test.context.ContextLoader'].
15:40:37.444 [Test worker] DEBUG org.springframework.test.context.support.AbstractContextLoader - Did not detect default resource location for test class [com.studyPlan.weekOne.GoodsListTest$addGoodsItem]: class path resource [com/studyPlan/weekOne/GoodsListTest$addGoodsItem-context.xml] does not exist
15:40:37.444 [Test worker] INFO org.springframework.test.context.support.AbstractContextLoader - Could not detect default resource locations for test class [com.studyPlan.weekOne.GoodsListTest$addGoodsItem]: no resource found for suffixes {-context.xml}.
15:40:37.444 [Test worker] DEBUG org.springframework.test.context.support.AbstractDelegatingSmartContextLoader - Delegating to AnnotationConfigContextLoader to process context configuration [ContextConfigurationAttributes@5a82deae declaringClass = 'com.studyPlan.weekOne.GoodsListTest$addGoodsItem', classes = '{}', locations = '{}', inheritLocations = false, initializers = '{}', inheritInitializers = true, name = [null], contextLoaderClass = 'org.springframework.test.context.ContextLoader'].
15:40:37.444 [Test worker] INFO org.springframework.test.context.support.AnnotationConfigContextLoaderUtils - Could not detect default configuration classes for test class [com.studyPlan.weekOne.GoodsListTest$addGoodsItem]: addGoodsItem does not declare any static, non-private, non-final, nested classes annotated with @Configuration.
15:40:37.446 [Test worker] DEBUG org.springframework.test.context.support.ActiveProfilesUtils - Could not find an 'annotation declaring class' for annotation type [org.springframework.test.context.ActiveProfiles] and class [com.studyPlan.weekOne.GoodsListTest$addGoodsItem]
15:40:37.446 [Test worker] DEBUG org.springframework.test.context.support.DefaultTestContextBootstrapper - @TestExecutionListeners is not present for class [com.studyPlan.weekOne.GoodsListTest$addGoodsItem]: using defaults.
15:40:37.446 [Test worker] INFO org.springframework.test.context.support.DefaultTestContextBootstrapper - Loaded default TestExecutionListener class names from location [META-INF/spring.factories]: [org.springframework.boot.test.autoconfigure.restdocs.RestDocsTestExecutionListener, org.springframework.boot.test.autoconfigure.web.client.MockRestServiceServerResetTestExecutionListener, org.springframework.boot.test.autoconfigure.web.servlet.MockMvcPrintOnlyOnFailureTestExecutionListener, org.springframework.boot.test.autoconfigure.web.servlet.WebDriverTestExecutionListener, org.springframework.boot.test.autoconfigure.webservices.client.MockWebServiceServerTestExecutionListener, org.springframework.boot.test.mock.mockito.MockitoTestExecutionListener, org.springframework.boot.test.mock.mockito.ResetMocksTestExecutionListener, org.springframework.test.context.web.ServletTestExecutionListener, org.springframework.test.context.support.DirtiesContextBeforeModesTestExecutionListener, org.springframework.test.context.support.DependencyInjectionTestExecutionListener, org.springframework.test.context.support.DirtiesContextTestExecutionListener, org.springframework.test.context.transaction.TransactionalTestExecutionListener, org.springframework.test.context.jdbc.SqlScriptsTestExecutionListener, org.springframework.test.context.event.EventPublishingTestExecutionListener]
15:40:37.446 [Test worker] INFO org.springframework.test.context.support.DefaultTestContextBootstrapper - Using TestExecutionListeners: [org.springframework.test.context.web.ServletTestExecutionListener@547376f3, org.springframework.test.context.support.DirtiesContextBeforeModesTestExecutionListener@1848b57d, org.springframework.boot.test.mock.mockito.MockitoTestExecutionListener@3962ba0e, org.springframework.test.context.support.DependencyInjectionTestExecutionListener@62c32415, org.springframework.test.context.support.DirtiesContextTestExecutionListener@2d481250, org.springframework.test.context.transaction.TransactionalTestExecutionListener@7076b9d9, org.springframework.test.context.jdbc.SqlScriptsTestExecutionListener@5ce8cf13, org.springframework.test.context.event.EventPublishingTestExecutionListener@27f0ab17, org.springframework.boot.test.autoconfigure.restdocs.RestDocsTestExecutionListener@4ac7f72b, org.springframework.boot.test.autoconfigure.web.client.MockRestServiceServerResetTestExecutionListener@fba37db, org.springframework.boot.test.autoconfigure.web.servlet.MockMvcPrintOnlyOnFailureTestExecutionListener@1530e168, org.springframework.boot.test.autoconfigure.web.servlet.WebDriverTestExecutionListener@37ba48ca, org.springframework.boot.test.autoconfigure.webservices.client.MockWebServiceServerTestExecutionListener@42b18fb9, org.springframework.boot.test.mock.mockito.ResetMocksTestExecutionListener@1ceb7cdb]
15:40:37.447 [Test worker] DEBUG org.springframework.test.context.support.AbstractDirtiesContextTestExecutionListener - Before test class: context [DefaultTestContext@ec2f58f testClass = GoodsListTest.addGoodsItem, testInstance = [null], testMethod = [null], testException = [null], mergedContextConfiguration = [MergedContextConfiguration@6b5b0085 testClass = GoodsListTest.addGoodsItem, locations = '{}', classes = '{}', contextInitializerClasses = '[]', activeProfiles = '{}', propertySourceLocations = '{}', propertySourceProperties = '{}', contextCustomizers = set[org.springframework.boot.test.autoconfigure.properties.PropertyMappingContextCustomizer@0, org.springframework.boot.test.autoconfigure.web.servlet.WebDriverContextCustomizerFactory$Customizer@534cec26, org.springframework.boot.test.context.filter.ExcludeFilterContextCustomizer@66ba632e, org.springframework.boot.test.json.DuplicateJsonObjectContextCustomizerFactory$DuplicateJsonObjectContextCustomizer@26028f80, org.springframework.boot.test.mock.mockito.MockitoContextCustomizer@0], contextLoader = 'org.springframework.test.context.support.DelegatingSmartContextLoader', parent = [null]], attributes = map[[empty]]], class annotated with @DirtiesContext [false] with mode [null].
15:40:37.466 [Test worker] DEBUG org.springframework.test.context.support.TestPropertySourceUtils - Adding inlined properties to environment: {spring.jmx.enabled=false, org.springframework.boot.test.context.SpringBootTestContextBootstrapper=true}

  .   ____          _            __ _ _
 /\\ / ___'_ __ _ _(_)_ __  __ _ \ \ \ \
( ( )\___ | '_ | '_| | '_ \/ _` | \ \ \ \
 \\/  ___)| |_)| | | | | || (_| |  ) ) ) )
  '  |____| .__|_| |_|_| |_\__, | / / / /
 =========|_|==============|___/=/_/_/_/
 :: Spring Boot ::        (v2.3.5.RELEASE)

2020-11-11 15:40:47.654  WARN 29358 --- [    Test worker] o.s.boot.StartupInfoLogger               : InetAddress.getLocalHost().getHostName() took 5004 milliseconds to respond. Please verify your network configuration (macOS machines may need to add entries to /etc/hosts).
2020-11-11 15:40:52.662  INFO 29358 --- [    Test worker] com.studyPlan.weekOne.GoodsListTest      : Starting GoodsListTest on ZhaoYunqis-MacBook-Pro.local with PID 29358 (started by yunqi.zhaothoughtworks.com in /Users/yunqi.zhaothoughtworks.com/Documents/studyPlan/weekOne/B-learning-weekOne)
2020-11-11 15:40:52.663  INFO 29358 --- [    Test worker] com.studyPlan.weekOne.GoodsListTest      : No active profile set, falling back to default profiles: default
2020-11-11 15:40:53.124  INFO 29358 --- [    Test worker] .s.d.r.c.RepositoryConfigurationDelegate : Bootstrapping Spring Data JPA repositories in DEFERRED mode.
2020-11-11 15:40:53.178  INFO 29358 --- [    Test worker] .s.d.r.c.RepositoryConfigurationDelegate : Finished Spring Data repository scanning in 44ms. Found 1 JPA repository interfaces.
2020-11-11 15:40:53.529  INFO 29358 --- [    Test worker] o.s.s.concurrent.ThreadPoolTaskExecutor  : Initializing ExecutorService 'applicationTaskExecutor'
2020-11-11 15:40:53.539  INFO 29358 --- [    Test worker] com.zaxxer.hikari.HikariDataSource       : HikariPool-1 - Starting...
2020-11-11 15:40:53.721  INFO 29358 --- [    Test worker] com.zaxxer.hikari.HikariDataSource       : HikariPool-1 - Start completed.
2020-11-11 15:40:53.776  INFO 29358 --- [         task-1] o.hibernate.jpa.internal.util.LogHelper  : HHH000204: Processing PersistenceUnitInfo [name: default]
2020-11-11 15:40:53.819  INFO 29358 --- [         task-1] org.hibernate.Version                    : HHH000412: Hibernate ORM core version 5.4.22.Final
2020-11-11 15:40:53.966  INFO 29358 --- [         task-1] o.hibernate.annotations.common.Version   : HCANN000001: Hibernate Commons Annotations {5.1.0.Final}
2020-11-11 15:40:53.993  WARN 29358 --- [    Test worker] JpaBaseConfiguration$JpaWebConfiguration : spring.jpa.open-in-view is enabled by default. Therefore, database queries may be performed during view rendering. Explicitly configure spring.jpa.open-in-view to disable this warning
2020-11-11 15:40:54.112  INFO 29358 --- [         task-1] org.hibernate.dialect.Dialect            : HHH000400: Using dialect: org.hibernate.dialect.H2Dialect
2020-11-11 15:40:54.558  INFO 29358 --- [    Test worker] o.s.b.t.m.w.SpringBootMockServletContext : Initializing Spring TestDispatcherServlet ''
2020-11-11 15:40:54.558  INFO 29358 --- [    Test worker] o.s.t.web.servlet.TestDispatcherServlet  : Initializing Servlet ''
2020-11-11 15:40:54.573  INFO 29358 --- [    Test worker] o.s.t.web.servlet.TestDispatcherServlet  : Completed initialization in 15 ms
2020-11-11 15:40:54.586  INFO 29358 --- [    Test worker] DeferredRepositoryInitializationListener : Triggering deferred initialization of Spring Data repositoriesâ€¦
2020-11-11 15:40:54.775  INFO 29358 --- [         task-1] o.h.e.t.j.p.i.JtaPlatformInitiator       : HHH000490: Using JtaPlatform implementation: [org.hibernate.engine.transaction.jta.platform.internal.NoJtaPlatform]
2020-11-11 15:40:54.781  INFO 29358 --- [         task-1] j.LocalContainerEntityManagerFactoryBean : Initialized JPA EntityManagerFactory for persistence unit 'default'
2020-11-11 15:40:55.104  INFO 29358 --- [    Test worker] DeferredRepositoryInitializationListener : Spring Data repositories initialized!
2020-11-11 15:40:55.113  INFO 29358 --- [    Test worker] com.studyPlan.weekOne.GoodsListTest      : Started GoodsListTest in 17.64 seconds (JVM running for 18.686)
2020-11-11 15:40:55.451  WARN 29358 --- [    Test worker] .w.s.m.s.DefaultHandlerExceptionResolver : Resolved [org.springframework.web.bind.MethodArgumentNotValidException: Validation failed for argument [0] in public void com.studyPlan.weekOne.controller.GoodsListController.addNewGoodsItem(com.studyPlan.weekOne.entity.GoodsItem): [Field error in object 'goodsItem' on field 'unitPrice': rejected value [null]; codes [NotNull.goodsItem.unitPrice,NotNull.unitPrice,NotNull.java.lang.Double,NotNull]; arguments [org.springframework.context.support.DefaultMessageSourceResolvable: codes [goodsItem.unitPrice,unitPrice]; arguments []; default message [unitPrice]]; default message [must not be null]] ]
2020-11-11 15:40:55.512  WARN 29358 --- [    Test worker] .w.s.m.s.DefaultHandlerExceptionResolver : Resolved [org.springframework.web.bind.MethodArgumentNotValidException: Validation failed for argument [0] in public void com.studyPlan.weekOne.controller.GoodsListController.addNewGoodsItem(com.studyPlan.weekOne.entity.GoodsItem): [Field error in object 'goodsItem' on field 'shop': rejected value [null]; codes [NotNull.goodsItem.shop,NotNull.shop,NotNull.java.lang.String,NotNull]; arguments [org.springframework.context.support.DefaultMessageSourceResolvable: codes [goodsItem.shop,shop]; arguments []; default message [shop]]; default message [must not be null]] ]
2020-11-11 15:40:55.523  WARN 29358 --- [    Test worker] .w.s.m.s.DefaultHandlerExceptionResolver : Resolved [org.springframework.web.bind.MethodArgumentNotValidException: Validation failed for argument [0] in public void com.studyPlan.weekOne.controller.GoodsListController.addNewGoodsItem(com.studyPlan.weekOne.entity.GoodsItem): [Field error in object 'goodsItem' on field 'unitPrice': rejected value [9.9999999999E8]; codes [Max.goodsItem.unitPrice,Max.unitPrice,Max.java.lang.Double,Max]; arguments [org.springframework.context.support.DefaultMessageSourceResolvable: codes [goodsItem.unitPrice,unitPrice]; arguments []; default message [unitPrice],100000]; default message [must be less than or equal to 100000]] ]
2020-11-11 15:40:55.531  WARN 29358 --- [    Test worker] .w.s.m.s.DefaultHandlerExceptionResolver : Resolved [org.springframework.web.bind.MethodArgumentNotValidException: Validation failed for argument [0] in public void com.studyPlan.weekOne.controller.GoodsListController.addNewGoodsItem(com.studyPlan.weekOne.entity.GoodsItem): [Field error in object 'goodsItem' on field 'name': rejected value [null]; codes [NotNull.goodsItem.name,NotNull.name,NotNull.java.lang.String,NotNull]; arguments [org.springframework.context.support.DefaultMessageSourceResolvable: codes [goodsItem.name,name]; arguments []; default message [name]]; default message [must not be null]] ]
</pre>
</span>
</div>
</div>
<div id="footer">
<p>
<div>
<label class="hidden" id="label-for-line-wrapping-toggle" for="line-wrapping-toggle">Wrap lines
<input id="line-wrapping-toggle" type="checkbox" autocomplete="off"/>
</label>
</div>Generated by 
<a href="http://www.gradle.org">Gradle 6.6.1</a> at 2020-11-11 15:40:55</p>
</div>
</div>
</body>
</html>
